2015-08-19 14:47:18 [-][-][-][error][yii\db\Exception] exception 'PDOException' with message 'SQLSTATE[HY000] [2002] No such file or directory' in /Applications/XAMPP/xamppfiles/htdocs/shop/vendor/yiisoft/yii2/db/Connection.php:579
Stack trace:
#0 /Applications/XAMPP/xamppfiles/htdocs/shop/vendor/yiisoft/yii2/db/Connection.php(579): PDO->__construct('mysql:host=loca...', 'root', 'root', NULL)
#1 /Applications/XAMPP/xamppfiles/htdocs/shop/vendor/yiisoft/yii2/db/Connection.php(529): yii\db\Connection->createPdoInstance()
#2 /Applications/XAMPP/xamppfiles/htdocs/shop/vendor/yiisoft/yii2/db/Connection.php(836): yii\db\Connection->open()
#3 /Applications/XAMPP/xamppfiles/htdocs/shop/vendor/yiisoft/yii2/db/Connection.php(823): yii\db\Connection->getMasterPdo()
#4 /Applications/XAMPP/xamppfiles/htdocs/shop/vendor/yiisoft/yii2/db/Command.php(216): yii\db\Connection->getSlavePdo()
#5 /Applications/XAMPP/xamppfiles/htdocs/shop/vendor/yiisoft/yii2/db/Command.php(831): yii\db\Command->prepare(true)
#6 /Applications/XAMPP/xamppfiles/htdocs/shop/vendor/yiisoft/yii2/db/Command.php(359): yii\db\Command->queryInternal('fetchAll', NULL)
#7 /Applications/XAMPP/xamppfiles/htdocs/shop/vendor/yiisoft/yii2/db/mysql/Schema.php(198): yii\db\Command->queryAll()
#8 /Applications/XAMPP/xamppfiles/htdocs/shop/vendor/yiisoft/yii2/db/mysql/Schema.php(97): yii\db\mysql\Schema->findColumns(Object(yii\db\TableSchema))
#9 /Applications/XAMPP/xamppfiles/htdocs/shop/vendor/yiisoft/yii2/db/Schema.php(146): yii\db\mysql\Schema->loadTableSchema('migration')
#10 /Applications/XAMPP/xamppfiles/htdocs/shop/vendor/yiisoft/yii2/console/controllers/MigrateController.php(121): yii\db\Schema->getTableSchema('{{%migration}}', true)
#11 /Applications/XAMPP/xamppfiles/htdocs/shop/vendor/yiisoft/yii2/console/controllers/BaseMigrateController.php(610): yii\console\controllers\MigrateController->getMigrationHistory(NULL)
#12 /Applications/XAMPP/xamppfiles/htdocs/shop/vendor/yiisoft/yii2/console/controllers/BaseMigrateController.php(102): yii\console\controllers\BaseMigrateController->getNewMigrations()
#13 [internal function]: yii\console\controllers\BaseMigrateController->actionUp(0)
#14 /Applications/XAMPP/xamppfiles/htdocs/shop/vendor/yiisoft/yii2/base/InlineAction.php(55): call_user_func_array(Array, Array)
#15 /Applications/XAMPP/xamppfiles/htdocs/shop/vendor/yiisoft/yii2/base/Controller.php(151): yii\base\InlineAction->runWithParams(Array)
#16 /Applications/XAMPP/xamppfiles/htdocs/shop/vendor/yiisoft/yii2/console/Controller.php(91): yii\base\Controller->runAction('', Array)
#17 /Applications/XAMPP/xamppfiles/htdocs/shop/vendor/yiisoft/yii2/base/Module.php(455): yii\console\Controller->runAction('', Array)
#18 /Applications/XAMPP/xamppfiles/htdocs/shop/vendor/yiisoft/yii2/console/Application.php(167): yii\base\Module->runAction('migrate', Array)
#19 /Applications/XAMPP/xamppfiles/htdocs/shop/vendor/yiisoft/yii2/console/Application.php(143): yii\console\Application->runAction('migrate', Array)
#20 /Applications/XAMPP/xamppfiles/htdocs/shop/vendor/yiisoft/yii2/base/Application.php(375): yii\console\Application->handleRequest(Object(yii\console\Request))
#21 /Applications/XAMPP/xamppfiles/htdocs/shop/yii(27): yii\base\Application->run()
#22 {main}

Next exception 'yii\db\Exception' with message 'SQLSTATE[HY000] [2002] No such file or directory' in /Applications/XAMPP/xamppfiles/htdocs/shop/vendor/yiisoft/yii2/db/Connection.php:534
Stack trace:
#0 /Applications/XAMPP/xamppfiles/htdocs/shop/vendor/yiisoft/yii2/db/Connection.php(836): yii\db\Connection->open()
#1 /Applications/XAMPP/xamppfiles/htdocs/shop/vendor/yiisoft/yii2/db/Connection.php(823): yii\db\Connection->getMasterPdo()
#2 /Applications/XAMPP/xamppfiles/htdocs/shop/vendor/yiisoft/yii2/db/Command.php(216): yii\db\Connection->getSlavePdo()
#3 /Applications/XAMPP/xamppfiles/htdocs/shop/vendor/yiisoft/yii2/db/Command.php(831): yii\db\Command->prepare(true)
#4 /Applications/XAMPP/xamppfiles/htdocs/shop/vendor/yiisoft/yii2/db/Command.php(359): yii\db\Command->queryInternal('fetchAll', NULL)
#5 /Applications/XAMPP/xamppfiles/htdocs/shop/vendor/yiisoft/yii2/db/mysql/Schema.php(198): yii\db\Command->queryAll()
#6 /Applications/XAMPP/xamppfiles/htdocs/shop/vendor/yiisoft/yii2/db/mysql/Schema.php(97): yii\db\mysql\Schema->findColumns(Object(yii\db\TableSchema))
#7 /Applications/XAMPP/xamppfiles/htdocs/shop/vendor/yiisoft/yii2/db/Schema.php(146): yii\db\mysql\Schema->loadTableSchema('migration')
#8 /Applications/XAMPP/xamppfiles/htdocs/shop/vendor/yiisoft/yii2/console/controllers/MigrateController.php(121): yii\db\Schema->getTableSchema('{{%migration}}', true)
#9 /Applications/XAMPP/xamppfiles/htdocs/shop/vendor/yiisoft/yii2/console/controllers/BaseMigrateController.php(610): yii\console\controllers\MigrateController->getMigrationHistory(NULL)
#10 /Applications/XAMPP/xamppfiles/htdocs/shop/vendor/yiisoft/yii2/console/controllers/BaseMigrateController.php(102): yii\console\controllers\BaseMigrateController->getNewMigrations()
#11 [internal function]: yii\console\controllers\BaseMigrateController->actionUp(0)
#12 /Applications/XAMPP/xamppfiles/htdocs/shop/vendor/yiisoft/yii2/base/InlineAction.php(55): call_user_func_array(Array, Array)
#13 /Applications/XAMPP/xamppfiles/htdocs/shop/vendor/yiisoft/yii2/base/Controller.php(151): yii\base\InlineAction->runWithParams(Array)
#14 /Applications/XAMPP/xamppfiles/htdocs/shop/vendor/yiisoft/yii2/console/Controller.php(91): yii\base\Controller->runAction('', Array)
#15 /Applications/XAMPP/xamppfiles/htdocs/shop/vendor/yiisoft/yii2/base/Module.php(455): yii\console\Controller->runAction('', Array)
#16 /Applications/XAMPP/xamppfiles/htdocs/shop/vendor/yiisoft/yii2/console/Application.php(167): yii\base\Module->runAction('migrate', Array)
#17 /Applications/XAMPP/xamppfiles/htdocs/shop/vendor/yiisoft/yii2/console/Application.php(143): yii\console\Application->runAction('migrate', Array)
#18 /Applications/XAMPP/xamppfiles/htdocs/shop/vendor/yiisoft/yii2/base/Application.php(375): yii\console\Application->handleRequest(Object(yii\console\Request))
#19 /Applications/XAMPP/xamppfiles/htdocs/shop/yii(27): yii\base\Application->run()
#20 {main}
Additional Information:

2015-08-19 14:47:18 [-][-][-][info][application] $_SERVER = [
    'TERM_PROGRAM' => 'Apple_Terminal'
    'SHELL' => '/bin/bash'
    'TERM' => 'xterm-256color'
    'TMPDIR' => '/var/folders/q4/zzr11d996gj0sgkthrtd8w_00000gn/T/'
    'Apple_PubSub_Socket_Render' => '/private/tmp/com.apple.launchd.ezlHJMEDxP/Render'
    'TERM_PROGRAM_VERSION' => '343.7'
    'OLDPWD' => '/Applications/XAMPP/htdocs'
    'TERM_SESSION_ID' => 'F9EF6E6E-04CE-4C6C-B585-62F4C27D79F1'
    'USER' => 'admin'
    'SSH_AUTH_SOCK' => '/private/tmp/com.apple.launchd.GUZUeiVmmW/Listeners'
    '__CF_USER_TEXT_ENCODING' => '0x1F5:0x19:0x34'
    'PATH' => '/usr/local/bin:/usr/bin:/bin:/usr/sbin:/sbin'
    'PWD' => '/Applications/XAMPP/htdocs/shop'
    'LANG' => 'zh_CN.UTF-8'
    'XPC_FLAGS' => '0x0'
    'XPC_SERVICE_NAME' => '0'
    'SHLVL' => '1'
    'HOME' => '/Users/admin'
    'LOGNAME' => 'admin'
    '_' => '/usr/bin/php'
    'PHP_SELF' => 'yii'
    'SCRIPT_NAME' => 'yii'
    'SCRIPT_FILENAME' => 'yii'
    'PATH_TRANSLATED' => 'yii'
    'DOCUMENT_ROOT' => ''
    'REQUEST_TIME_FLOAT' => 1439995638.0955
    'REQUEST_TIME' => 1439995638
    'argv' => [
        0 => 'yii'
        1 => 'migrate'
    ]
    'argc' => 2
]
2015-08-19 14:49:58 [-][-][-][error][yii\db\Exception] exception 'PDOException' with message 'SQLSTATE[HY000] [2002] No such file or directory' in /Applications/XAMPP/xamppfiles/htdocs/shop/vendor/yiisoft/yii2/db/Connection.php:579
Stack trace:
#0 /Applications/XAMPP/xamppfiles/htdocs/shop/vendor/yiisoft/yii2/db/Connection.php(579): PDO->__construct('mysql:host=loca...', 'root', '', NULL)
#1 /Applications/XAMPP/xamppfiles/htdocs/shop/vendor/yiisoft/yii2/db/Connection.php(529): yii\db\Connection->createPdoInstance()
#2 /Applications/XAMPP/xamppfiles/htdocs/shop/vendor/yiisoft/yii2/db/Connection.php(836): yii\db\Connection->open()
#3 /Applications/XAMPP/xamppfiles/htdocs/shop/vendor/yiisoft/yii2/db/Connection.php(823): yii\db\Connection->getMasterPdo()
#4 /Applications/XAMPP/xamppfiles/htdocs/shop/vendor/yiisoft/yii2/db/Command.php(216): yii\db\Connection->getSlavePdo()
#5 /Applications/XAMPP/xamppfiles/htdocs/shop/vendor/yiisoft/yii2/db/Command.php(831): yii\db\Command->prepare(true)
#6 /Applications/XAMPP/xamppfiles/htdocs/shop/vendor/yiisoft/yii2/db/Command.php(359): yii\db\Command->queryInternal('fetchAll', NULL)
#7 /Applications/XAMPP/xamppfiles/htdocs/shop/vendor/yiisoft/yii2/db/mysql/Schema.php(198): yii\db\Command->queryAll()
#8 /Applications/XAMPP/xamppfiles/htdocs/shop/vendor/yiisoft/yii2/db/mysql/Schema.php(97): yii\db\mysql\Schema->findColumns(Object(yii\db\TableSchema))
#9 /Applications/XAMPP/xamppfiles/htdocs/shop/vendor/yiisoft/yii2/db/Schema.php(146): yii\db\mysql\Schema->loadTableSchema('migration')
#10 /Applications/XAMPP/xamppfiles/htdocs/shop/vendor/yiisoft/yii2/console/controllers/MigrateController.php(121): yii\db\Schema->getTableSchema('{{%migration}}', true)
#11 /Applications/XAMPP/xamppfiles/htdocs/shop/vendor/yiisoft/yii2/console/controllers/BaseMigrateController.php(610): yii\console\controllers\MigrateController->getMigrationHistory(NULL)
#12 /Applications/XAMPP/xamppfiles/htdocs/shop/vendor/yiisoft/yii2/console/controllers/BaseMigrateController.php(102): yii\console\controllers\BaseMigrateController->getNewMigrations()
#13 [internal function]: yii\console\controllers\BaseMigrateController->actionUp(0)
#14 /Applications/XAMPP/xamppfiles/htdocs/shop/vendor/yiisoft/yii2/base/InlineAction.php(55): call_user_func_array(Array, Array)
#15 /Applications/XAMPP/xamppfiles/htdocs/shop/vendor/yiisoft/yii2/base/Controller.php(151): yii\base\InlineAction->runWithParams(Array)
#16 /Applications/XAMPP/xamppfiles/htdocs/shop/vendor/yiisoft/yii2/console/Controller.php(91): yii\base\Controller->runAction('', Array)
#17 /Applications/XAMPP/xamppfiles/htdocs/shop/vendor/yiisoft/yii2/base/Module.php(455): yii\console\Controller->runAction('', Array)
#18 /Applications/XAMPP/xamppfiles/htdocs/shop/vendor/yiisoft/yii2/console/Application.php(167): yii\base\Module->runAction('migrate', Array)
#19 /Applications/XAMPP/xamppfiles/htdocs/shop/vendor/yiisoft/yii2/console/Application.php(143): yii\console\Application->runAction('migrate', Array)
#20 /Applications/XAMPP/xamppfiles/htdocs/shop/vendor/yiisoft/yii2/base/Application.php(375): yii\console\Application->handleRequest(Object(yii\console\Request))
#21 /Applications/XAMPP/xamppfiles/htdocs/shop/yii(27): yii\base\Application->run()
#22 {main}

Next exception 'yii\db\Exception' with message 'SQLSTATE[HY000] [2002] No such file or directory' in /Applications/XAMPP/xamppfiles/htdocs/shop/vendor/yiisoft/yii2/db/Connection.php:534
Stack trace:
#0 /Applications/XAMPP/xamppfiles/htdocs/shop/vendor/yiisoft/yii2/db/Connection.php(836): yii\db\Connection->open()
#1 /Applications/XAMPP/xamppfiles/htdocs/shop/vendor/yiisoft/yii2/db/Connection.php(823): yii\db\Connection->getMasterPdo()
#2 /Applications/XAMPP/xamppfiles/htdocs/shop/vendor/yiisoft/yii2/db/Command.php(216): yii\db\Connection->getSlavePdo()
#3 /Applications/XAMPP/xamppfiles/htdocs/shop/vendor/yiisoft/yii2/db/Command.php(831): yii\db\Command->prepare(true)
#4 /Applications/XAMPP/xamppfiles/htdocs/shop/vendor/yiisoft/yii2/db/Command.php(359): yii\db\Command->queryInternal('fetchAll', NULL)
#5 /Applications/XAMPP/xamppfiles/htdocs/shop/vendor/yiisoft/yii2/db/mysql/Schema.php(198): yii\db\Command->queryAll()
#6 /Applications/XAMPP/xamppfiles/htdocs/shop/vendor/yiisoft/yii2/db/mysql/Schema.php(97): yii\db\mysql\Schema->findColumns(Object(yii\db\TableSchema))
#7 /Applications/XAMPP/xamppfiles/htdocs/shop/vendor/yiisoft/yii2/db/Schema.php(146): yii\db\mysql\Schema->loadTableSchema('migration')
#8 /Applications/XAMPP/xamppfiles/htdocs/shop/vendor/yiisoft/yii2/console/controllers/MigrateController.php(121): yii\db\Schema->getTableSchema('{{%migration}}', true)
#9 /Applications/XAMPP/xamppfiles/htdocs/shop/vendor/yiisoft/yii2/console/controllers/BaseMigrateController.php(610): yii\console\controllers\MigrateController->getMigrationHistory(NULL)
#10 /Applications/XAMPP/xamppfiles/htdocs/shop/vendor/yiisoft/yii2/console/controllers/BaseMigrateController.php(102): yii\console\controllers\BaseMigrateController->getNewMigrations()
#11 [internal function]: yii\console\controllers\BaseMigrateController->actionUp(0)
#12 /Applications/XAMPP/xamppfiles/htdocs/shop/vendor/yiisoft/yii2/base/InlineAction.php(55): call_user_func_array(Array, Array)
#13 /Applications/XAMPP/xamppfiles/htdocs/shop/vendor/yiisoft/yii2/base/Controller.php(151): yii\base\InlineAction->runWithParams(Array)
#14 /Applications/XAMPP/xamppfiles/htdocs/shop/vendor/yiisoft/yii2/console/Controller.php(91): yii\base\Controller->runAction('', Array)
#15 /Applications/XAMPP/xamppfiles/htdocs/shop/vendor/yiisoft/yii2/base/Module.php(455): yii\console\Controller->runAction('', Array)
#16 /Applications/XAMPP/xamppfiles/htdocs/shop/vendor/yiisoft/yii2/console/Application.php(167): yii\base\Module->runAction('migrate', Array)
#17 /Applications/XAMPP/xamppfiles/htdocs/shop/vendor/yiisoft/yii2/console/Application.php(143): yii\console\Application->runAction('migrate', Array)
#18 /Applications/XAMPP/xamppfiles/htdocs/shop/vendor/yiisoft/yii2/base/Application.php(375): yii\console\Application->handleRequest(Object(yii\console\Request))
#19 /Applications/XAMPP/xamppfiles/htdocs/shop/yii(27): yii\base\Application->run()
#20 {main}
Additional Information:

2015-08-19 14:49:58 [-][-][-][info][application] $_SERVER = [
    'TERM_PROGRAM' => 'Apple_Terminal'
    'SHELL' => '/bin/bash'
    'TERM' => 'xterm-256color'
    'TMPDIR' => '/var/folders/q4/zzr11d996gj0sgkthrtd8w_00000gn/T/'
    'Apple_PubSub_Socket_Render' => '/private/tmp/com.apple.launchd.ezlHJMEDxP/Render'
    'TERM_PROGRAM_VERSION' => '343.7'
    'OLDPWD' => '/Applications/XAMPP/htdocs'
    'TERM_SESSION_ID' => 'F9EF6E6E-04CE-4C6C-B585-62F4C27D79F1'
    'USER' => 'admin'
    'SSH_AUTH_SOCK' => '/private/tmp/com.apple.launchd.GUZUeiVmmW/Listeners'
    '__CF_USER_TEXT_ENCODING' => '0x1F5:0x19:0x34'
    'PATH' => '/usr/local/bin:/usr/bin:/bin:/usr/sbin:/sbin'
    'PWD' => '/Applications/XAMPP/htdocs/shop'
    'LANG' => 'zh_CN.UTF-8'
    'XPC_FLAGS' => '0x0'
    'XPC_SERVICE_NAME' => '0'
    'SHLVL' => '1'
    'HOME' => '/Users/admin'
    'LOGNAME' => 'admin'
    '_' => '/usr/bin/php'
    'PHP_SELF' => 'yii'
    'SCRIPT_NAME' => 'yii'
    'SCRIPT_FILENAME' => 'yii'
    'PATH_TRANSLATED' => 'yii'
    'DOCUMENT_ROOT' => ''
    'REQUEST_TIME_FLOAT' => 1439995798.5061
    'REQUEST_TIME' => 1439995798
    'argv' => [
        0 => 'yii'
        1 => 'migrate'
    ]
    'argc' => 2
]
2015-08-19 14:51:14 [-][-][-][error][yii\db\Exception] exception 'PDOException' with message 'SQLSTATE[HY000] [2002] No such file or directory' in /Applications/XAMPP/xamppfiles/htdocs/shop/vendor/yiisoft/yii2/db/Connection.php:579
Stack trace:
#0 /Applications/XAMPP/xamppfiles/htdocs/shop/vendor/yiisoft/yii2/db/Connection.php(579): PDO->__construct('mysql:host=loca...', 'root', '', NULL)
#1 /Applications/XAMPP/xamppfiles/htdocs/shop/vendor/yiisoft/yii2/db/Connection.php(529): yii\db\Connection->createPdoInstance()
#2 /Applications/XAMPP/xamppfiles/htdocs/shop/vendor/yiisoft/yii2/db/Connection.php(836): yii\db\Connection->open()
#3 /Applications/XAMPP/xamppfiles/htdocs/shop/vendor/yiisoft/yii2/db/Connection.php(823): yii\db\Connection->getMasterPdo()
#4 /Applications/XAMPP/xamppfiles/htdocs/shop/vendor/yiisoft/yii2/db/Command.php(216): yii\db\Connection->getSlavePdo()
#5 /Applications/XAMPP/xamppfiles/htdocs/shop/vendor/yiisoft/yii2/db/Command.php(831): yii\db\Command->prepare(true)
#6 /Applications/XAMPP/xamppfiles/htdocs/shop/vendor/yiisoft/yii2/db/Command.php(359): yii\db\Command->queryInternal('fetchAll', NULL)
#7 /Applications/XAMPP/xamppfiles/htdocs/shop/vendor/yiisoft/yii2/db/mysql/Schema.php(198): yii\db\Command->queryAll()
#8 /Applications/XAMPP/xamppfiles/htdocs/shop/vendor/yiisoft/yii2/db/mysql/Schema.php(97): yii\db\mysql\Schema->findColumns(Object(yii\db\TableSchema))
#9 /Applications/XAMPP/xamppfiles/htdocs/shop/vendor/yiisoft/yii2/db/Schema.php(146): yii\db\mysql\Schema->loadTableSchema('migration')
#10 /Applications/XAMPP/xamppfiles/htdocs/shop/vendor/yiisoft/yii2/console/controllers/MigrateController.php(121): yii\db\Schema->getTableSchema('{{%migration}}', true)
#11 /Applications/XAMPP/xamppfiles/htdocs/shop/vendor/yiisoft/yii2/console/controllers/BaseMigrateController.php(610): yii\console\controllers\MigrateController->getMigrationHistory(NULL)
#12 /Applications/XAMPP/xamppfiles/htdocs/shop/vendor/yiisoft/yii2/console/controllers/BaseMigrateController.php(102): yii\console\controllers\BaseMigrateController->getNewMigrations()
#13 [internal function]: yii\console\controllers\BaseMigrateController->actionUp(0)
#14 /Applications/XAMPP/xamppfiles/htdocs/shop/vendor/yiisoft/yii2/base/InlineAction.php(55): call_user_func_array(Array, Array)
#15 /Applications/XAMPP/xamppfiles/htdocs/shop/vendor/yiisoft/yii2/base/Controller.php(151): yii\base\InlineAction->runWithParams(Array)
#16 /Applications/XAMPP/xamppfiles/htdocs/shop/vendor/yiisoft/yii2/console/Controller.php(91): yii\base\Controller->runAction('', Array)
#17 /Applications/XAMPP/xamppfiles/htdocs/shop/vendor/yiisoft/yii2/base/Module.php(455): yii\console\Controller->runAction('', Array)
#18 /Applications/XAMPP/xamppfiles/htdocs/shop/vendor/yiisoft/yii2/console/Application.php(167): yii\base\Module->runAction('migrate', Array)
#19 /Applications/XAMPP/xamppfiles/htdocs/shop/vendor/yiisoft/yii2/console/Application.php(143): yii\console\Application->runAction('migrate', Array)
#20 /Applications/XAMPP/xamppfiles/htdocs/shop/vendor/yiisoft/yii2/base/Application.php(375): yii\console\Application->handleRequest(Object(yii\console\Request))
#21 /Applications/XAMPP/xamppfiles/htdocs/shop/yii(27): yii\base\Application->run()
#22 {main}

Next exception 'yii\db\Exception' with message 'SQLSTATE[HY000] [2002] No such file or directory' in /Applications/XAMPP/xamppfiles/htdocs/shop/vendor/yiisoft/yii2/db/Connection.php:534
Stack trace:
#0 /Applications/XAMPP/xamppfiles/htdocs/shop/vendor/yiisoft/yii2/db/Connection.php(836): yii\db\Connection->open()
#1 /Applications/XAMPP/xamppfiles/htdocs/shop/vendor/yiisoft/yii2/db/Connection.php(823): yii\db\Connection->getMasterPdo()
#2 /Applications/XAMPP/xamppfiles/htdocs/shop/vendor/yiisoft/yii2/db/Command.php(216): yii\db\Connection->getSlavePdo()
#3 /Applications/XAMPP/xamppfiles/htdocs/shop/vendor/yiisoft/yii2/db/Command.php(831): yii\db\Command->prepare(true)
#4 /Applications/XAMPP/xamppfiles/htdocs/shop/vendor/yiisoft/yii2/db/Command.php(359): yii\db\Command->queryInternal('fetchAll', NULL)
#5 /Applications/XAMPP/xamppfiles/htdocs/shop/vendor/yiisoft/yii2/db/mysql/Schema.php(198): yii\db\Command->queryAll()
#6 /Applications/XAMPP/xamppfiles/htdocs/shop/vendor/yiisoft/yii2/db/mysql/Schema.php(97): yii\db\mysql\Schema->findColumns(Object(yii\db\TableSchema))
#7 /Applications/XAMPP/xamppfiles/htdocs/shop/vendor/yiisoft/yii2/db/Schema.php(146): yii\db\mysql\Schema->loadTableSchema('migration')
#8 /Applications/XAMPP/xamppfiles/htdocs/shop/vendor/yiisoft/yii2/console/controllers/MigrateController.php(121): yii\db\Schema->getTableSchema('{{%migration}}', true)
#9 /Applications/XAMPP/xamppfiles/htdocs/shop/vendor/yiisoft/yii2/console/controllers/BaseMigrateController.php(610): yii\console\controllers\MigrateController->getMigrationHistory(NULL)
#10 /Applications/XAMPP/xamppfiles/htdocs/shop/vendor/yiisoft/yii2/console/controllers/BaseMigrateController.php(102): yii\console\controllers\BaseMigrateController->getNewMigrations()
#11 [internal function]: yii\console\controllers\BaseMigrateController->actionUp(0)
#12 /Applications/XAMPP/xamppfiles/htdocs/shop/vendor/yiisoft/yii2/base/InlineAction.php(55): call_user_func_array(Array, Array)
#13 /Applications/XAMPP/xamppfiles/htdocs/shop/vendor/yiisoft/yii2/base/Controller.php(151): yii\base\InlineAction->runWithParams(Array)
#14 /Applications/XAMPP/xamppfiles/htdocs/shop/vendor/yiisoft/yii2/console/Controller.php(91): yii\base\Controller->runAction('', Array)
#15 /Applications/XAMPP/xamppfiles/htdocs/shop/vendor/yiisoft/yii2/base/Module.php(455): yii\console\Controller->runAction('', Array)
#16 /Applications/XAMPP/xamppfiles/htdocs/shop/vendor/yiisoft/yii2/console/Application.php(167): yii\base\Module->runAction('migrate', Array)
#17 /Applications/XAMPP/xamppfiles/htdocs/shop/vendor/yiisoft/yii2/console/Application.php(143): yii\console\Application->runAction('migrate', Array)
#18 /Applications/XAMPP/xamppfiles/htdocs/shop/vendor/yiisoft/yii2/base/Application.php(375): yii\console\Application->handleRequest(Object(yii\console\Request))
#19 /Applications/XAMPP/xamppfiles/htdocs/shop/yii(27): yii\base\Application->run()
#20 {main}
Additional Information:

2015-08-19 14:51:14 [-][-][-][info][application] $_SERVER = [
    'TERM_PROGRAM' => 'Apple_Terminal'
    'SHELL' => '/bin/bash'
    'TERM' => 'xterm-256color'
    'TMPDIR' => '/var/folders/q4/zzr11d996gj0sgkthrtd8w_00000gn/T/'
    'Apple_PubSub_Socket_Render' => '/private/tmp/com.apple.launchd.ezlHJMEDxP/Render'
    'TERM_PROGRAM_VERSION' => '343.7'
    'OLDPWD' => '/Applications/XAMPP/htdocs'
    'TERM_SESSION_ID' => 'F9EF6E6E-04CE-4C6C-B585-62F4C27D79F1'
    'USER' => 'admin'
    'SSH_AUTH_SOCK' => '/private/tmp/com.apple.launchd.GUZUeiVmmW/Listeners'
    '__CF_USER_TEXT_ENCODING' => '0x1F5:0x19:0x34'
    'PATH' => '/usr/local/bin:/usr/bin:/bin:/usr/sbin:/sbin'
    'PWD' => '/Applications/XAMPP/htdocs/shop'
    'LANG' => 'zh_CN.UTF-8'
    'XPC_FLAGS' => '0x0'
    'XPC_SERVICE_NAME' => '0'
    'SHLVL' => '1'
    'HOME' => '/Users/admin'
    'LOGNAME' => 'admin'
    '_' => '/usr/bin/php'
    'PHP_SELF' => 'yii'
    'SCRIPT_NAME' => 'yii'
    'SCRIPT_FILENAME' => 'yii'
    'PATH_TRANSLATED' => 'yii'
    'DOCUMENT_ROOT' => ''
    'REQUEST_TIME_FLOAT' => 1439995874.1537
    'REQUEST_TIME' => 1439995874
    'argv' => [
        0 => 'yii'
        1 => 'migrate'
    ]
    'argc' => 2
]
2015-08-19 15:00:16 [-][-][-][error][yii\db\Exception] exception 'PDOException' with message 'SQLSTATE[HY000] [2002] No such file or directory' in /Applications/XAMPP/xamppfiles/htdocs/shop/vendor/yiisoft/yii2/db/Connection.php:579
Stack trace:
#0 /Applications/XAMPP/xamppfiles/htdocs/shop/vendor/yiisoft/yii2/db/Connection.php(579): PDO->__construct('mysql:host=loca...', 'root', '', NULL)
#1 /Applications/XAMPP/xamppfiles/htdocs/shop/vendor/yiisoft/yii2/db/Connection.php(529): yii\db\Connection->createPdoInstance()
#2 /Applications/XAMPP/xamppfiles/htdocs/shop/vendor/yiisoft/yii2/db/Connection.php(836): yii\db\Connection->open()
#3 /Applications/XAMPP/xamppfiles/htdocs/shop/vendor/yiisoft/yii2/db/Connection.php(823): yii\db\Connection->getMasterPdo()
#4 /Applications/XAMPP/xamppfiles/htdocs/shop/vendor/yiisoft/yii2/db/Command.php(216): yii\db\Connection->getSlavePdo()
#5 /Applications/XAMPP/xamppfiles/htdocs/shop/vendor/yiisoft/yii2/db/Command.php(831): yii\db\Command->prepare(true)
#6 /Applications/XAMPP/xamppfiles/htdocs/shop/vendor/yiisoft/yii2/db/Command.php(359): yii\db\Command->queryInternal('fetchAll', NULL)
#7 /Applications/XAMPP/xamppfiles/htdocs/shop/vendor/yiisoft/yii2/db/mysql/Schema.php(198): yii\db\Command->queryAll()
#8 /Applications/XAMPP/xamppfiles/htdocs/shop/vendor/yiisoft/yii2/db/mysql/Schema.php(97): yii\db\mysql\Schema->findColumns(Object(yii\db\TableSchema))
#9 /Applications/XAMPP/xamppfiles/htdocs/shop/vendor/yiisoft/yii2/db/Schema.php(146): yii\db\mysql\Schema->loadTableSchema('migration')
#10 /Applications/XAMPP/xamppfiles/htdocs/shop/vendor/yiisoft/yii2/console/controllers/MigrateController.php(121): yii\db\Schema->getTableSchema('{{%migration}}', true)
#11 /Applications/XAMPP/xamppfiles/htdocs/shop/vendor/yiisoft/yii2/console/controllers/BaseMigrateController.php(610): yii\console\controllers\MigrateController->getMigrationHistory(NULL)
#12 /Applications/XAMPP/xamppfiles/htdocs/shop/vendor/yiisoft/yii2/console/controllers/BaseMigrateController.php(102): yii\console\controllers\BaseMigrateController->getNewMigrations()
#13 [internal function]: yii\console\controllers\BaseMigrateController->actionUp(0)
#14 /Applications/XAMPP/xamppfiles/htdocs/shop/vendor/yiisoft/yii2/base/InlineAction.php(55): call_user_func_array(Array, Array)
#15 /Applications/XAMPP/xamppfiles/htdocs/shop/vendor/yiisoft/yii2/base/Controller.php(151): yii\base\InlineAction->runWithParams(Array)
#16 /Applications/XAMPP/xamppfiles/htdocs/shop/vendor/yiisoft/yii2/console/Controller.php(91): yii\base\Controller->runAction('', Array)
#17 /Applications/XAMPP/xamppfiles/htdocs/shop/vendor/yiisoft/yii2/base/Module.php(455): yii\console\Controller->runAction('', Array)
#18 /Applications/XAMPP/xamppfiles/htdocs/shop/vendor/yiisoft/yii2/console/Application.php(167): yii\base\Module->runAction('migrate', Array)
#19 /Applications/XAMPP/xamppfiles/htdocs/shop/vendor/yiisoft/yii2/console/Application.php(143): yii\console\Application->runAction('migrate', Array)
#20 /Applications/XAMPP/xamppfiles/htdocs/shop/vendor/yiisoft/yii2/base/Application.php(375): yii\console\Application->handleRequest(Object(yii\console\Request))
#21 /Applications/XAMPP/xamppfiles/htdocs/shop/yii(27): yii\base\Application->run()
#22 {main}

Next exception 'yii\db\Exception' with message 'SQLSTATE[HY000] [2002] No such file or directory' in /Applications/XAMPP/xamppfiles/htdocs/shop/vendor/yiisoft/yii2/db/Connection.php:534
Stack trace:
#0 /Applications/XAMPP/xamppfiles/htdocs/shop/vendor/yiisoft/yii2/db/Connection.php(836): yii\db\Connection->open()
#1 /Applications/XAMPP/xamppfiles/htdocs/shop/vendor/yiisoft/yii2/db/Connection.php(823): yii\db\Connection->getMasterPdo()
#2 /Applications/XAMPP/xamppfiles/htdocs/shop/vendor/yiisoft/yii2/db/Command.php(216): yii\db\Connection->getSlavePdo()
#3 /Applications/XAMPP/xamppfiles/htdocs/shop/vendor/yiisoft/yii2/db/Command.php(831): yii\db\Command->prepare(true)
#4 /Applications/XAMPP/xamppfiles/htdocs/shop/vendor/yiisoft/yii2/db/Command.php(359): yii\db\Command->queryInternal('fetchAll', NULL)
#5 /Applications/XAMPP/xamppfiles/htdocs/shop/vendor/yiisoft/yii2/db/mysql/Schema.php(198): yii\db\Command->queryAll()
#6 /Applications/XAMPP/xamppfiles/htdocs/shop/vendor/yiisoft/yii2/db/mysql/Schema.php(97): yii\db\mysql\Schema->findColumns(Object(yii\db\TableSchema))
#7 /Applications/XAMPP/xamppfiles/htdocs/shop/vendor/yiisoft/yii2/db/Schema.php(146): yii\db\mysql\Schema->loadTableSchema('migration')
#8 /Applications/XAMPP/xamppfiles/htdocs/shop/vendor/yiisoft/yii2/console/controllers/MigrateController.php(121): yii\db\Schema->getTableSchema('{{%migration}}', true)
#9 /Applications/XAMPP/xamppfiles/htdocs/shop/vendor/yiisoft/yii2/console/controllers/BaseMigrateController.php(610): yii\console\controllers\MigrateController->getMigrationHistory(NULL)
#10 /Applications/XAMPP/xamppfiles/htdocs/shop/vendor/yiisoft/yii2/console/controllers/BaseMigrateController.php(102): yii\console\controllers\BaseMigrateController->getNewMigrations()
#11 [internal function]: yii\console\controllers\BaseMigrateController->actionUp(0)
#12 /Applications/XAMPP/xamppfiles/htdocs/shop/vendor/yiisoft/yii2/base/InlineAction.php(55): call_user_func_array(Array, Array)
#13 /Applications/XAMPP/xamppfiles/htdocs/shop/vendor/yiisoft/yii2/base/Controller.php(151): yii\base\InlineAction->runWithParams(Array)
#14 /Applications/XAMPP/xamppfiles/htdocs/shop/vendor/yiisoft/yii2/console/Controller.php(91): yii\base\Controller->runAction('', Array)
#15 /Applications/XAMPP/xamppfiles/htdocs/shop/vendor/yiisoft/yii2/base/Module.php(455): yii\console\Controller->runAction('', Array)
#16 /Applications/XAMPP/xamppfiles/htdocs/shop/vendor/yiisoft/yii2/console/Application.php(167): yii\base\Module->runAction('migrate', Array)
#17 /Applications/XAMPP/xamppfiles/htdocs/shop/vendor/yiisoft/yii2/console/Application.php(143): yii\console\Application->runAction('migrate', Array)
#18 /Applications/XAMPP/xamppfiles/htdocs/shop/vendor/yiisoft/yii2/base/Application.php(375): yii\console\Application->handleRequest(Object(yii\console\Request))
#19 /Applications/XAMPP/xamppfiles/htdocs/shop/yii(27): yii\base\Application->run()
#20 {main}
Additional Information:

2015-08-19 15:00:16 [-][-][-][info][application] $_SERVER = [
    'TERM_PROGRAM' => 'Apple_Terminal'
    'SHELL' => '/bin/bash'
    'TERM' => 'xterm-256color'
    'TMPDIR' => '/var/folders/q4/zzr11d996gj0sgkthrtd8w_00000gn/T/'
    'Apple_PubSub_Socket_Render' => '/private/tmp/com.apple.launchd.ezlHJMEDxP/Render'
    'TERM_PROGRAM_VERSION' => '343.7'
    'OLDPWD' => '/Applications/XAMPP/htdocs'
    'TERM_SESSION_ID' => 'F9EF6E6E-04CE-4C6C-B585-62F4C27D79F1'
    'USER' => 'admin'
    'SSH_AUTH_SOCK' => '/private/tmp/com.apple.launchd.GUZUeiVmmW/Listeners'
    '__CF_USER_TEXT_ENCODING' => '0x1F5:0x19:0x34'
    'PATH' => '/usr/local/bin:/usr/bin:/bin:/usr/sbin:/sbin'
    'PWD' => '/Applications/XAMPP/htdocs/shop'
    'LANG' => 'zh_CN.UTF-8'
    'XPC_FLAGS' => '0x0'
    'XPC_SERVICE_NAME' => '0'
    'SHLVL' => '1'
    'HOME' => '/Users/admin'
    'LOGNAME' => 'admin'
    '_' => '/usr/bin/php'
    'PHP_SELF' => 'yii'
    'SCRIPT_NAME' => 'yii'
    'SCRIPT_FILENAME' => 'yii'
    'PATH_TRANSLATED' => 'yii'
    'DOCUMENT_ROOT' => ''
    'REQUEST_TIME_FLOAT' => 1439996416.357
    'REQUEST_TIME' => 1439996416
    'argv' => [
        0 => 'yii'
        1 => 'migrate'
    ]
    'argc' => 2
]
